make all --print-data-base --no-builtin-variables --no-builtin-rules --question
# GNU Make 3.81
# Copyright (C) 2006  Free Software Foundation, Inc.
# This is free software; see the source for copying conditions.
# There is NO warranty; not even for MERCHANTABILITY or FITNESS FOR A
# PARTICULAR PURPOSE.

# This program built for i386-apple-darwin11.3.0
 
make: *** No rule to make target `all'.  Stop.
 

# Make data base, printed on Sun Feb  6 02:07:14 2022

# Variables

# automatic
 
<D = $(patsubst %/,%,$(dir $<))
# automatic
?F = $(notdir $?)
# environment
VSCODE_LOG_NATIVE = false
# automatic
?D = $(patsubst %/,%,$(dir $?))
# automatic
@D = $(patsubst %/,%,$(dir $@))
# automatic
@F = $(notdir $@)
# makefile
CURDIR := /Users/dom/git/wordle
# makefile
SHELL = /bin/sh
# environment
VSCODE_NLS_CONFIG = {"locale":"en-gb","availableLanguages":{},"_languagePackSupport":true}
# makefile (from `Makefile', line 5)
CONDITIONAL_CXX = -O3 -g
# environment
_ = /usr/bin/make
# makefile (from `Makefile', line 1)
MAKEFILE_LIST :=  Makefile
# makefile (from `Makefile', line 18)
OBJ_DIR := obj
# makefile (from `Makefile', line 11)
CXXFLAGS = -std=c++17 -Wall $(CONDITIONAL_CXX)
# environment
VSCODE_VERBOSE_LOGGING = true
# environment
__CFBundleIdentifier = com.microsoft.VSCode
# environment
INFOPATH = /opt/homebrew/share/info:
# environment
VSCODE_IPC_HOOK_EXTHOST = /var/folders/pq/bd75fj8j4sl6mfyjl35st5qc0000gn/T/vscode-ipc-a902829a-f10c-4ac5-8e22-a9c5af905726.sock
# environment
VSCODE_CWD = /
# makefile (from `Makefile', line 21)
OBJ_FILES := obj/AttemptState.o obj/PatternGetter.o obj/Tests.o obj/main.o
# environment
PATH = /opt/homebrew/bin:/opt/homebrew/sbin:/usr/local/bin:/usr/bin:/bin:/usr/sbin:/sbin:/Users/dom/git/emsdk:/Users/dom/git/emsdk/node/14.15.5_64bit/bin:/Users/dom/git/emsdk/upstream/emscriptenec:/Users/dom/git/emsdk/upstream/emscripten:/usr/local/go/bin
# environment
LaunchInstanceID = 4604CB1B-244F-4482-A2BF-A1C58553C040
# environment
VSCODE_LOG_STACK = false
# environment
ELECTRON_RUN_AS_NODE = 1
# makefile (from `Makefile', line 22)
LDFLAGS := -lprofiler -L/opt/homebrew/Cellar/gperftools/2.9.1_1/lib -L/opt/homebrew/Cellar/tbb/2021.5.0/lib
# default
.FEATURES := target-specific order-only second-expansion else-if archives jobserver check-symlink
# environment
SSH_AUTH_SOCK = /private/tmp/com.apple.launchd.65QAxvrjeC/Listeners
# automatic
%F = $(notdir $%)
# environment
VSCODE_PIPE_LOGGING = true
# environment
PWD = /Users/dom/git/wordle
# environment
HOMEBREW_CELLAR = /opt/homebrew/Cellar
# environment
ORIGINAL_XDG_CURRENT_DESKTOP = undefined
# environment
MANPATH = /opt/homebrew/share/man::
# environment
VSCODE_AMD_ENTRYPOINT = vs/workbench/services/extensions/node/extensionHostProcess
# environment
HOME = /Users/dom
# default
MAKEFILEPATH = $(shell /usr/bin/xcode-select -print-path 2>/dev/null || echo /Developer)/Makefiles
# environment
VSCODE_CODE_CACHE_PATH = /Users/dom/Library/Application Support/Code/CachedData/899d46d82c4c95423fb7e10e68eba52050e30ba3
# environment
LOGNAME = dom
# environment
APPLICATION_INSIGHTS_NO_DIAGNOSTIC_CHANNEL = true
# environment
VSCODE_HANDLES_UNCAUGHT_ERRORS = true
# automatic
^D = $(patsubst %/,%,$(dir $^))
# environment
XPC_FLAGS = 0x0
# default
MAKE = $(MAKE_COMMAND)
# default
MAKECMDGOALS := all
# environment
SHLVL = 1
# default
MAKE_VERSION := 3.81
# environment
USER = dom
# makefile
.DEFAULT_GOAL := bin/solve
# makefile (from `Makefile', line 9)
UNAME := Darwin
# automatic
%D = $(patsubst %/,%,$(dir $%))
# default
MAKE_COMMAND := /Library/Developer/CommandLineTools/usr/bin/make
# default
.VARIABLES := 
# environment
TMPDIR = /var/folders/pq/bd75fj8j4sl6mfyjl35st5qc0000gn/T/
# automatic
*F = $(notdir $*)
# environment
VSCODE_IPC_HOOK = /Users/dom/Library/Application Support/Code/1.63.2-main.sock
# makefile
MAKEFLAGS = Rrqp
# environment
MFLAGS = -Rrqp
# automatic
*D = $(patsubst %/,%,$(dir $*))
# environment
XPC_SERVICE_NAME = application.com.microsoft.VSCode.3588540.3588546
# environment
HOMEBREW_PREFIX = /opt/homebrew
# automatic
+D = $(patsubst %/,%,$(dir $+))
# automatic
+F = $(notdir $+)
# environment
HOMEBREW_REPOSITORY = /opt/homebrew
# environment
__CF_USER_TEXT_ENCODING = 0x1F5:0:15
# environment
COMMAND_MODE = unix2003
# default
MAKEFILES := 
# makefile (from `Makefile', line 17)
SRC_DIR := src
# automatic
<F = $(notdir $<)
# makefile (from `Makefile', line 10)
CXX = g++-11
# makefile (from `Makefile', line 19)
BIN_DIR := bin
# environment
 
LC_ALL = C
# makefile (from `Makefile', line 14)
LIBS := -lprofiler -L/opt/homebrew/Cellar/gperftools/2.9.1_1/lib -L/opt/homebrew/Cellar/tbb/2021.5.0/lib
# environment
SECURITYSESSIONID = 18a75
# automatic
^F = $(notdir $^)
# makefile (from `Makefile', line 20)
SRC_FILES := src/AttemptState.cpp src/PatternGetter.cpp src/Tests.cpp src/main.cpp
# default
SUFFIXES := 
# default
.INCLUDE_DIRS = /usr/local/include
# environment
MAKELEVEL := 0
# environment
LANG = C
# environment
VSCODE_PID = 30647
# variable set hash-table stats:
# Load=80/1024=8%, Rehash=0, Collisions=1/118=1%

# Pattern-specific Variable Values

# No pattern-specific variable values.

# Directories

# . (device 16777234, inode 4411203): 16 files, no impossibilities.
# src (device 16777234, inode 4411572): 6 files, no impossibilities.

# 22 files, no impossibilities in 2 directories.

# Implicit Rules

obj/%.o: src/%.cpp
#  commands to execute (from `Makefile', line 29):
	@mkdir -p $(OBJ_DIR)
	$(CXX) $(CPPFLAGS) $(CXXFLAGS) $(ENV_CXXFLAGS) -c -o $@ $< $(LIBS)
	

# 1 implicit rules, 0 (0.0%) terminal.

# Files

# Not a target:
all:
#  Command-line target.
#  Implicit rule search has been done.
#  File does not exist.
#  File has not been updated.
# variable set hash-table stats:
# Load=0/32=0%, Rehash=0, Collisions=0/0=0%

# Not a target:
obj/main.o:
#  Implicit rule search has not been done.
#  Modification time never checked.
#  File has not been updated.

# Not a target:
.SUFFIXES:
#  Implicit rule search has not been done.
#  Modification time never checked.
#  File has not been updated.

# Not a target:
Makefile:
#  Implicit rule search has been done.
#  Last modified 2022-02-06 02:07:09
#  File has been updated.
#  Successfully updated.
# variable set hash-table stats:
# Load=0/32=0%, Rehash=0, Collisions=0/0=0%

# Not a target:
obj/Tests.o:
#  Implicit rule search has not been done.
#  Modification time never checked.
#  File has not been updated.

# Not a target:
obj/PatternGetter.o:
#  Implicit rule search has not been done.
#  Modification time never checked.
#  File has not been updated.

# Not a target:
obj/AttemptState.o:
#  Implicit rule search has not been done.
#  Modification time never checked.
#  File has not been updated.

# Not a target:
.DEFAULT:
#  Implicit rule search has not been done.
#  Modification time never checked.
#  File has not been updated.

clean:
#  Implicit rule search has not been done.
#  Modification time never checked.
#  File has not been updated.
#  commands to execute (from `Makefile', line 33):
	- rm -r $(OBJ_DIR)/* $(BIN_DIR)/*
	

bin/solve: obj/AttemptState.o obj/PatternGetter.o obj/Tests.o obj/main.o
#  Implicit rule search has not been done.
#  Modification time never checked.
#  File has not been updated.
#  commands to execute (from `Makefile', line 25):
	@mkdir -p $(BIN_DIR)
	$(CXX) $(LDFLAGS) -o $@ $^ $(LIBS)
	

# files hash-table stats:
# Load=10/1024=1%, Rehash=0, Collisions=0/26=0%
# VPATH Search Paths

# No `vpath' search paths.

# No general (`VPATH' variable) search path.

# # of strings in strcache: 1
# # of strcache buffers: 1
# strcache size: total = 4096 / max = 4096 / min = 4096 / avg = 4096
# strcache free: total = 4087 / max = 4087 / min = 4087 / avg = 4087

# Finished Make data base on Sun Feb  6 02:07:14 2022

 
